<?xml version="1.0" encoding="UTF-8"?>
<!-- Generated by org.testng.reporters.JUnitXMLReporter -->
<testsuite ignored="0" hostname="priyans-MacBook-Air.local" failures="0" tests="3" name="Default test" time="6.691" errors="0" timestamp="2021-09-05T18:41:15 IST">
  <testcase classname="testNg.Before_After_suit" name="bingopen" time="1.933"/>
  <testcase classname="testNg.Before_After_suit" name="googleopen" time="2.611"/>
  <testcase classname="testNg.Before_After_suit" name="yahooopen" time="2.086"/>
</testsuite> <!-- Default test -->
