<?xml version="1.0" encoding="UTF-8"?>
<testng-results ignored="0" total="3" passed="3" failed="0" skipped="0">
  <reporter-output>
  </reporter-output>
  <suite started-at="2021-09-05T18:41:08 IST" name="Default suite" finished-at="2021-09-05T18:41:15 IST" duration-ms="6691">
    <groups>
    </groups>
    <test started-at="2021-09-05T18:41:08 IST" name="Default test" finished-at="2021-09-05T18:41:15 IST" duration-ms="6691">
      <class name="testNg.Before_After_suit">
        <test-method is-config="true" signature="launchbrowser()[pri:0, instance:testNg.Before_After_suit@223aa2f7]" started-at="2021-09-05T18:41:06 IST" name="launchbrowser" finished-at="2021-09-05T18:41:08 IST" duration-ms="2569" status="PASS">
          <reporter-output>
          </reporter-output>
        </test-method> <!-- launchbrowser -->
        <test-method signature="bingopen()[pri:0, instance:testNg.Before_After_suit@223aa2f7]" started-at="2021-09-05T18:41:08 IST" name="bingopen" finished-at="2021-09-05T18:41:10 IST" duration-ms="1933" status="PASS">
          <reporter-output>
          </reporter-output>
        </test-method> <!-- bingopen -->
        <test-method signature="googleopen()[pri:0, instance:testNg.Before_After_suit@223aa2f7]" started-at="2021-09-05T18:41:10 IST" name="googleopen" finished-at="2021-09-05T18:41:13 IST" duration-ms="2611" status="PASS">
          <reporter-output>
          </reporter-output>
        </test-method> <!-- googleopen -->
        <test-method signature="yahooopen()[pri:0, instance:testNg.Before_After_suit@223aa2f7]" started-at="2021-09-05T18:41:13 IST" name="yahooopen" finished-at="2021-09-05T18:41:15 IST" duration-ms="2086" status="PASS">
          <reporter-output>
          </reporter-output>
        </test-method> <!-- yahooopen -->
        <test-method is-config="true" signature="closebrowser()[pri:0, instance:testNg.Before_After_suit@223aa2f7]" started-at="2021-09-05T18:41:15 IST" name="closebrowser" finished-at="2021-09-05T18:41:15 IST" duration-ms="163" status="PASS">
          <reporter-output>
          </reporter-output>
        </test-method> <!-- closebrowser -->
      </class> <!-- testNg.Before_After_suit -->
    </test> <!-- Default test -->
  </suite> <!-- Default suite -->
</testng-results>
